{"error":"No autorizado"}
{"error":"No autorizado"}
{"error":"No autorizado"}
{"error":"No autorizado"}
{"error":"No autorizado"}
{"error":"No autorizado"}
{"error":"No autorizado"}
{"error":"No autorizado"}
{"error":"No autorizado"}
{"error":"No autorizado"}
{"error":"No autorizado"}
{"error":"No autorizado"}
{"error":"No autorizado"}
{"error":"No autorizado"}
{"error":"No autorizado"}
{"error":"No autorizado"}
{"error":"No autorizado"}
{"error":"No autorizado"}
{"error":"No autorizado"}
{"error":"No autorizado"}
{"error":"No autorizado"}
{"error":"No autorizado"}
{"error":"No autorizado"}
{"error":"No autorizado"}
{"error":"No autorizado"}
{"error":"No autorizado"}
{"error":"No autorizado"}
{"error":"No autorizado"}
{"error":"No autorizado"}
{"error":"No autorizado"}
{"error":"No autorizado"}
{"error":"No autorizado"}
{"error":"No autorizado"}
{"error":"No autorizado"}
{"error":"No autorizado"}
{"error":"No autorizado"}
<html>
<head><title>502 Bad Gateway</title></head>
<body>
<center><h1>502 Bad Gateway</h1></center>
<hr><center>nginx/1.29.8</center>
</body>
</html>

{"error":"No autorizado"}
{"error":"No autorizado"}
{"error":"No autorizado"}
{"error":"No autorizado"}
{"error":"No autorizado"}
{"error":"No autorizado"}
{"error":"No autorizado"}
{"error":"No autorizado"}
{"error":"No autorizado"}
{"error":"No autorizado"}
{"error":"No autorizado"}
{"error":"No autorizado"}
{"error":"No autorizado"}
{"error":"No autorizado"}
{"error":"No autorizado"}
{"error":"No autorizado"}
{"error":"No autorizado"}
{"error":"No autorizado"}
{"error":"No autorizado"}
{"error":"No autorizado"}
{"error":"No autorizado"}
{"error":"No autorizado"}
{"error":"No autorizado"}
{"error":"No autorizado"}
{"error":"No autorizado"}
{"error":"No autorizado"}
{"error":"No autorizado"}
{"error":"No autorizado"}
{"error":"No autorizado"}
{"error":"No autorizado"}
{"error":"No autorizado"}
{"error":"No autorizado"}
{"error":"No autorizado"}
{"error":"No autorizado"}
{"error":"No autorizado"}
{"error":"No autorizado"}
{"error":"No autorizado"}
{"error":"No autorizado"}
{"error":"No autorizado"}
{"error":"No autorizado"}
{"error":"No autorizado"}
{"error":"No autorizado"}
{"error":"No autorizado"}
{"error":"No autorizado"}
{"error":"No autorizado"}
{"error":"No autorizado"}
{"error":"No autorizado"}
{"error":"No autorizado"}
{"error":"No autorizado"}
{"error":"No autorizado"}
{"error":"No autorizado"}
{"error":"No autorizado"}
{"error":"No autorizado"}
{"error":"No autorizado"}
{"error":"No autorizado"}
{"error":"No autorizado"}
{"error":"No autorizado"}
{"error":"No autorizado"}
{"error":"No autorizado"}
{"error":"No autorizado"}
{"error":"No autorizado"}
{"error":"No autorizado"}
{"error":"No autorizado"}
{"error":"No autorizado"}
{"error":"No autorizado"}
{"error":"No autorizado"}
{"error":"No autorizado"}
{"error":"No autorizado"}
{"error":"No autorizado"}
{"error":"No autorizado"}
{"error":"No autorizado"}
{"error":"No autorizado"}
{"error":"No autorizado"}
{"error":"No autorizado"}
{"error":"No autorizado"}
{"error":"No autorizado"}
{"error":"No autorizado"}
{"error":"No autorizado"}
{"error":"No autorizado"}
{"error":"No autorizado"}
{"error":"No autorizado"}
{"error":"No autorizado"}
{"error":"No autorizado"}
{"error":"No autorizado"}
{"error":"No autorizado"}
{"error":"No autorizado"}
{"error":"No autorizado"}
{"error":"No autorizado"}
{"error":"No autorizado"}
{"error":"No autorizado"}
{"error":"No autorizado"}
{"error":"No autorizado"}
{"error":"No autorizado"}
{"error":"No autorizado"}
{"error":"No autorizado"}
{"error":"No autorizado"}
{"error":"No autorizado"}
{"error":"No autorizado"}
{"error":"No autorizado"}
{"error":"No autorizado"}
{"error":"No autorizado"}
{"error":"No autorizado"}
{"error":"No autorizado"}
{"error":"No autorizado"}
{"error":"No autorizado"}
{"error":"No autorizado"}
{"error":"No autorizado"}
{"error":"No autorizado"}
{"error":"No autorizado"}
{"error":"No autorizado"}
{"error":"No autorizado"}
{"error":"No autorizado"}
{"error":"No autorizado"}
{"error":"No autorizado"}
{"error":"No autorizado"}
{"error":"No autorizado"}
{"error":"No autorizado"}
{"error":"No autorizado"}
{"error":"No autorizado"}
{"error":"No autorizado"}
{"error":"No autorizado"}
{"error":"No autorizado"}
{"error":"No autorizado"}
{"error":"No autorizado"}
{"error":"No autorizado"}
{"error":"No autorizado"}
{"error":"No autorizado"}
{"error":"No autorizado"}
{"error":"No autorizado"}
{"error":"No autorizado"}
{"error":"No autorizado"}
{"error":"No autorizado"}
{"error":"No autorizado"}
{"error":"No autorizado"}
{"error":"No autorizado"}
{"error":"No autorizado"}
{"error":"No autorizado"}
{"error":"No autorizado"}
{"error":"No autorizado"}
{"error":"No autorizado"}
{"error":"No autorizado"}
{"error":"No autorizado"}
{"error":"No autorizado"}
{"error":"No autorizado"}
{"error":"No autorizado"}
{"error":"No autorizado"}
{"error":"No autorizado"}
{"error":"No autorizado"}
{"error":"No autorizado"}
{"error":"No autorizado"}
{"error":"No autorizado"}
{"error":"No autorizado"}
{"error":"No autorizado"}
{"error":"No autorizado"}
{"error":"No autorizado"}
{"error":"No autorizado"}
{"error":"No autorizado"}
{"error":"No autorizado"}
{"error":"No autorizado"}
{"error":"No autorizado"}
{"error":"No autorizado"}
{"error":"No autorizado"}
{"error":"No autorizado"}
{"error":"No autorizado"}
{"error":"No autorizado"}
{"error":"No autorizado"}
{"error":"No autorizado"}
{"error":"No autorizado"}
{"error":"No autorizado"}
{"error":"No autorizado"}
{"error":"No autorizado"}
{"error":"No autorizado"}
{"error":"No autorizado"}
{"error":"No autorizado"}
{"error":"No autorizado"}
{"error":"No autorizado"}
{"error":"No autorizado"}
{"error":"No autorizado"}
{"error":"No autorizado"}
{"error":"No autorizado"}
{"error":"No autorizado"}
{"error":"No autorizado"}
{"error":"No autorizado"}
{"error":"No autorizado"}
{"error":"No autorizado"}
{"error":"No autorizado"}
{"error":"No autorizado"}
{"error":"No autorizado"}
{"error":"No autorizado"}
{"error":"No autorizado"}
{"error":"No autorizado"}
{"error":"No autorizado"}
{"error":"No autorizado"}
{"error":"No autorizado"}
{"error":"No autorizado"}
{"error":"No autorizado"}
{"error":"No autorizado"}
{"error":"No autorizado"}
{"error":"No autorizado"}
{"error":"No autorizado"}
{"error":"No autorizado"}
{"error":"No autorizado"}
{"error":"No autorizado"}
{"error":"No autorizado"}
{"error":"No autorizado"}
{"error":"No autorizado"}
{"error":"No autorizado"}
{"error":"No autorizado"}
{"error":"No autorizado"}
{"error":"No autorizado"}
{"error":"No autorizado"}
{"error":"No autorizado"}
{"error":"No autorizado"}
{"error":"No autorizado"}
{"error":"No autorizado"}
{"error":"No autorizado"}
{"error":"No autorizado"}
{"error":"No autorizado"}
{"error":"No autorizado"}
{"error":"No autorizado"}
{"error":"No autorizado"}
{"error":"No autorizado"}
{"error":"No autorizado"}
{"error":"No autorizado"}
{"error":"No autorizado"}
{"error":"No autorizado"}
{"error":"No autorizado"}
{"error":"No autorizado"}
{"error":"No autorizado"}
{"error":"No autorizado"}
{"error":"No autorizado"}
{"error":"No autorizado"}
{"error":"No autorizado"}
{"error":"No autorizado"}
{"error":"No autorizado"}
{"error":"No autorizado"}
{"error":"No autorizado"}
{"error":"No autorizado"}
{"error":"No autorizado"}
{"error":"No autorizado"}
{"error":"No autorizado"}
{"error":"No autorizado"}
{"error":"No autorizado"}
{"error":"No autorizado"}
{"error":"No autorizado"}
{"error":"No autorizado"}
{"error":"No autorizado"}
{"error":"No autorizado"}
{"error":"No autorizado"}
{"error":"No autorizado"}
{"error":"No autorizado"}
{"error":"No autorizado"}
{"error":"No autorizado"}
{"error":"No autorizado"}
{"error":"No autorizado"}
{"error":"No autorizado"}
{"error":"No autorizado"}
{"error":"No autorizado"}
{"error":"No autorizado"}
{"error":"No autorizado"}
{"error":"No autorizado"}
{"error":"No autorizado"}
{"error":"No autorizado"}
{"error":"No autorizado"}
{"error":"No autorizado"}
{"error":"No autorizado"}
{"error":"No autorizado"}
{"error":"No autorizado"}
{"error":"No autorizado"}
{"error":"No autorizado"}
{"error":"No autorizado"}
{"error":"No autorizado"}
{"error":"No autorizado"}
{"error":"No autorizado"}
{"error":"No autorizado"}
{"error":"No autorizado"}
{"error":"No autorizado"}
{"error":"No autorizado"}
{"data":{"procesados":0,"leadsCreados":0,"errores":["IMAP no configurado"]}}
{"data":{"procesados":0,"leadsCreados":0,"errores":["IMAP no configurado"]}}
{"data":{"procesados":0,"leadsCreados":0,"errores":["IMAP no configurado"]}}
{"data":{"procesados":0,"leadsCreados":0,"errores":["IMAP no configurado"]}}
{"data":{"procesados":0,"leadsCreados":0,"errores":["IMAP no configurado"]}}
{"data":{"procesados":0,"leadsCreados":0,"errores":["IMAP no configurado"]}}
{"data":{"procesados":0,"leadsCreados":0,"errores":["IMAP no configurado"]}}
{"data":{"procesados":0,"leadsCreados":0,"errores":["IMAP no configurado"]}}
{"data":{"procesados":0,"leadsCreados":0,"errores":["IMAP no configurado"]}}
{"data":{"procesados":0,"leadsCreados":0,"errores":["IMAP no configurado"]}}
{"data":{"procesados":0,"leadsCreados":0,"errores":["IMAP no configurado"]}}
{"data":{"procesados":0,"leadsCreados":0,"errores":["IMAP no configurado"]}}
{"data":{"procesados":0,"leadsCreados":0,"errores":["IMAP no configurado"]}}
{"data":{"procesados":0,"leadsCreados":0,"errores":["IMAP no configurado"]}}
{"data":{"procesados":0,"leadsCreados":0,"errores":["IMAP no configurado"]}}
{"data":{"procesados":0,"leadsCreados":0,"errores":["IMAP no configurado"]}}
{"data":{"procesados":0,"leadsCreados":0,"errores":["IMAP no configurado"]}}
{"data":{"procesados":0,"leadsCreados":0,"errores":["IMAP no configurado"]}}
{"data":{"procesados":0,"leadsCreados":0,"errores":["IMAP no configurado"]}}
{"data":{"procesados":0,"leadsCreados":0,"errores":["IMAP no configurado"]}}
{"data":{"procesados":0,"leadsCreados":0,"errores":["IMAP no configurado"]}}
{"data":{"procesados":0,"leadsCreados":0,"errores":["IMAP no configurado"]}}
{"data":{"procesados":0,"leadsCreados":0,"errores":["IMAP no configurado"]}}
{"data":{"procesados":0,"leadsCreados":0,"errores":["IMAP no configurado"]}}
{"data":{"procesados":0,"leadsCreados":0,"errores":["IMAP no configurado"]}}
{"data":{"procesados":0,"leadsCreados":0,"errores":["IMAP no configurado"]}}
{"data":{"procesados":0,"leadsCreados":0,"errores":["IMAP no configurado"]}}
{"data":{"procesados":0,"leadsCreados":0,"errores":["IMAP no configurado"]}}
{"data":{"procesados":0,"leadsCreados":0,"errores":["IMAP no configurado"]}}
{"data":{"procesados":0,"leadsCreados":0,"errores":["IMAP no configurado"]}}
{"data":{"procesados":0,"leadsCreados":0,"errores":["IMAP no configurado"]}}
{"data":{"procesados":0,"leadsCreados":0,"errores":["IMAP no configurado"]}}
{"data":{"procesados":0,"leadsCreados":0,"errores":["IMAP no configurado"]}}
{"data":{"procesados":0,"leadsCreados":0,"errores":["IMAP no configurado"]}}
{"data":{"procesados":0,"leadsCreados":0,"errores":["IMAP no configurado"]}}
{"data":{"procesados":0,"leadsCreados":0,"errores":["IMAP no configurado"]}}
{"data":{"procesados":0,"leadsCreados":0,"errores":["IMAP no configurado"]}}
{"data":{"procesados":0,"leadsCreados":0,"errores":["IMAP no configurado"]}}
{"data":{"procesados":0,"leadsCreados":0,"errores":["IMAP no configurado"]}}
{"data":{"procesados":0,"leadsCreados":0,"errores":["IMAP no configurado"]}}
{"data":{"procesados":0,"leadsCreados":0,"errores":["IMAP no configurado"]}}
{"data":{"procesados":0,"leadsCreados":0,"errores":["IMAP no configurado"]}}
{"data":{"procesados":0,"leadsCreados":0,"errores":["IMAP no configurado"]}}
{"data":{"procesados":0,"leadsCreados":0,"errores":["IMAP no configurado"]}}
{"data":{"procesados":0,"leadsCreados":0,"errores":["IMAP no configurado"]}}
{"data":{"procesados":0,"leadsCreados":0,"errores":["IMAP no configurado"]}}
{"data":{"procesados":0,"leadsCreados":0,"errores":["IMAP no configurado"]}}
{"data":{"procesados":0,"leadsCreados":0,"errores":["IMAP no configurado"]}}
{"data":{"procesados":0,"leadsCreados":0,"errores":["IMAP no configurado"]}}
{"data":{"procesados":0,"leadsCreados":0,"errores":["IMAP no configurado"]}}
{"data":{"procesados":0,"leadsCreados":0,"errores":["IMAP no configurado"]}}
{"data":{"procesados":0,"leadsCreados":0,"errores":["IMAP no configurado"]}}
{"data":{"procesados":0,"leadsCreados":0,"errores":["IMAP no configurado"]}}
{"data":{"procesados":0,"leadsCreados":0,"errores":["IMAP no configurado"]}}
{"data":{"procesados":0,"leadsCreados":0,"errores":["IMAP no configurado"]}}
{"data":{"procesados":0,"leadsCreados":0,"errores":["IMAP no configurado"]}}
{"data":{"procesados":0,"leadsCreados":0,"errores":["IMAP no configurado"]}}
{"data":{"procesados":0,"leadsCreados":0,"errores":["IMAP no configurado"]}}
{"data":{"procesados":0,"leadsCreados":0,"errores":["IMAP no configurado"]}}
{"data":{"procesados":0,"leadsCreados":0,"errores":["IMAP no configurado"]}}
{"data":{"procesados":0,"leadsCreados":0,"errores":["IMAP no configurado"]}}
{"data":{"procesados":0,"leadsCreados":0,"errores":["IMAP no configurado"]}}
{"data":{"procesados":0,"leadsCreados":0,"errores":["IMAP no configurado"]}}
{"data":{"procesados":0,"leadsCreados":0,"errores":["IMAP no configurado"]}}
{"data":{"procesados":0,"leadsCreados":0,"errores":["IMAP no configurado"]}}
{"data":{"procesados":0,"leadsCreados":0,"errores":["IMAP no configurado"]}}
{"data":{"procesados":0,"leadsCreados":0,"errores":["IMAP no configurado"]}}
{"data":{"procesados":0,"leadsCreados":0,"errores":["IMAP no configurado"]}}
{"data":{"procesados":0,"leadsCreados":0,"errores":["IMAP no configurado"]}}
{"data":{"procesados":0,"leadsCreados":0,"errores":["IMAP no configurado"]}}
{"data":{"procesados":0,"leadsCreados":0,"errores":["IMAP no configurado"]}}
{"data":{"procesados":0,"leadsCreados":0,"errores":["IMAP no configurado"]}}
{"data":{"procesados":0,"leadsCreados":0,"errores":["IMAP no configurado"]}}
{"data":{"procesados":0,"leadsCreados":0,"errores":["IMAP no configurado"]}}
{"data":{"procesados":0,"leadsCreados":0,"errores":["IMAP no configurado"]}}
{"data":{"procesados":0,"leadsCreados":0,"errores":["IMAP no configurado"]}}
{"data":{"procesados":0,"leadsCreados":0,"errores":["IMAP no configurado"]}}
{"data":{"procesados":0,"leadsCreados":0,"errores":["IMAP no configurado"]}}
{"data":{"procesados":0,"leadsCreados":0,"errores":["IMAP no configurado"]}}
{"data":{"procesados":0,"leadsCreados":0,"errores":["IMAP no configurado"]}}
{"data":{"procesados":0,"leadsCreados":0,"errores":["IMAP no configurado"]}}
{"data":{"procesados":0,"leadsCreados":0,"errores":["IMAP no configurado"]}}
{"data":{"procesados":0,"leadsCreados":0,"errores":["IMAP no configurado"]}}
{"data":{"procesados":0,"leadsCreados":0,"errores":["IMAP no configurado"]}}
{"data":{"procesados":0,"leadsCreados":0,"errores":["IMAP no configurado"]}}
{"data":{"procesados":0,"leadsCreados":0,"errores":["IMAP no configurado"]}}
{"data":{"procesados":0,"leadsCreados":0,"errores":["IMAP no configurado"]}}
{"data":{"procesados":0,"leadsCreados":0,"errores":["IMAP no configurado"]}}
{"data":{"procesados":0,"leadsCreados":0,"errores":["IMAP no configurado"]}}
{"data":{"procesados":0,"leadsCreados":0,"errores":["IMAP no configurado"]}}
{"data":{"procesados":0,"leadsCreados":0,"errores":["IMAP no configurado"]}}
{"data":{"procesados":0,"leadsCreados":0,"errores":["IMAP no configurado"]}}
{"data":{"procesados":0,"leadsCreados":0,"errores":["IMAP no configurado"]}}
{"data":{"procesados":0,"leadsCreados":0,"errores":["IMAP no configurado"]}}
{"data":{"procesados":0,"leadsCreados":0,"errores":["IMAP no configurado"]}}
{"data":{"procesados":0,"leadsCreados":0,"errores":["IMAP no configurado"]}}
{"data":{"procesados":0,"leadsCreados":0,"errores":["IMAP no configurado"]}}
{"data":{"procesados":0,"leadsCreados":0,"errores":["IMAP no configurado"]}}
{"data":{"procesados":0,"leadsCreados":0,"errores":["IMAP no configurado"]}}
{"data":{"procesados":0,"leadsCreados":0,"errores":["IMAP no configurado"]}}
{"data":{"procesados":0,"leadsCreados":0,"errores":["IMAP no configurado"]}}
{"data":{"procesados":0,"leadsCreados":0,"errores":["IMAP no configurado"]}}
{"data":{"procesados":0,"leadsCreados":0,"errores":["IMAP no configurado"]}}
{"data":{"procesados":0,"leadsCreados":0,"errores":["IMAP no configurado"]}}
{"data":{"procesados":0,"leadsCreados":0,"errores":["IMAP no configurado"]}}
{"data":{"procesados":0,"leadsCreados":0,"errores":["IMAP no configurado"]}}
{"data":{"procesados":0,"leadsCreados":0,"errores":["IMAP no configurado"]}}
{"data":{"procesados":0,"leadsCreados":0,"errores":["IMAP no configurado"]}}
{"data":{"procesados":0,"leadsCreados":0,"errores":["IMAP no configurado"]}}
{"data":{"procesados":0,"leadsCreados":0,"errores":["IMAP no configurado"]}}
{"data":{"procesados":0,"leadsCreados":0,"errores":["IMAP no configurado"]}}
{"data":{"procesados":0,"leadsCreados":0,"errores":["IMAP no configurado"]}}
{"data":{"procesados":0,"leadsCreados":0,"errores":["IMAP no configurado"]}}
{"data":{"procesados":0,"leadsCreados":0,"errores":["IMAP no configurado"]}}
{"data":{"procesados":0,"leadsCreados":0,"errores":["IMAP no configurado"]}}
{"data":{"procesados":0,"leadsCreados":0,"errores":["IMAP no configurado"]}}
{"data":{"procesados":0,"leadsCreados":0,"errores":["IMAP no configurado"]}}
{"data":{"procesados":0,"leadsCreados":0,"errores":["IMAP no configurado"]}}
{"data":{"procesados":0,"leadsCreados":0,"errores":["IMAP no configurado"]}}
{"data":{"procesados":0,"leadsCreados":0,"errores":["IMAP no configurado"]}}
{"data":{"procesados":0,"leadsCreados":0,"errores":["IMAP no configurado"]}}
{"data":{"procesados":0,"leadsCreados":0,"errores":["IMAP no configurado"]}}
{"data":{"procesados":0,"leadsCreados":0,"errores":["IMAP no configurado"]}}
{"data":{"procesados":0,"leadsCreados":0,"errores":["IMAP no configurado"]}}
{"data":{"procesados":0,"leadsCreados":0,"errores":["IMAP no configurado"]}}
{"data":{"procesados":0,"leadsCreados":0,"errores":["IMAP no configurado"]}}
{"data":{"procesados":0,"leadsCreados":0,"errores":["IMAP no configurado"]}}
{"data":{"procesados":0,"leadsCreados":0,"errores":["IMAP no configurado"]}}
{"data":{"procesados":0,"leadsCreados":0,"errores":["IMAP no configurado"]}}
{"data":{"procesados":0,"leadsCreados":0,"errores":["IMAP no configurado"]}}
{"data":{"procesados":0,"leadsCreados":0,"errores":["IMAP no configurado"]}}
{"data":{"procesados":0,"leadsCreados":0,"errores":["IMAP no configurado"]}}
{"data":{"procesados":0,"leadsCreados":0,"errores":["IMAP no configurado"]}}
{"data":{"procesados":0,"leadsCreados":0,"errores":["IMAP no configurado"]}}
{"data":{"procesados":0,"leadsCreados":0,"errores":["IMAP no configurado"]}}
{"data":{"procesados":0,"leadsCreados":0,"errores":["IMAP no configurado"]}}
{"data":{"procesados":0,"leadsCreados":0,"errores":["IMAP no configurado"]}}
{"data":{"procesados":0,"leadsCreados":0,"errores":["IMAP no configurado"]}}
{"data":{"procesados":0,"leadsCreados":0,"errores":["IMAP no configurado"]}}
{"data":{"procesados":0,"leadsCreados":0,"errores":["IMAP no configurado"]}}
{"data":{"procesados":0,"leadsCreados":0,"errores":["IMAP no configurado"]}}
{"data":{"procesados":0,"leadsCreados":0,"errores":["IMAP no configurado"]}}
{"data":{"procesados":0,"leadsCreados":0,"errores":["IMAP no configurado"]}}
{"data":{"procesados":0,"leadsCreados":0,"errores":["IMAP no configurado"]}}
{"data":{"procesados":0,"leadsCreados":0,"errores":["IMAP no configurado"]}}
{"data":{"procesados":0,"leadsCreados":0,"errores":["IMAP no configurado"]}}
{"data":{"procesados":0,"leadsCreados":0,"errores":["IMAP no configurado"]}}
{"data":{"procesados":0,"leadsCreados":0,"errores":["IMAP no configurado"]}}
{"data":{"procesados":0,"leadsCreados":0,"errores":["IMAP no configurado"]}}
{"data":{"procesados":0,"leadsCreados":0,"errores":["IMAP no configurado"]}}
{"data":{"procesados":0,"leadsCreados":0,"errores":["IMAP no configurado"]}}
{"data":{"procesados":0,"leadsCreados":0,"errores":["IMAP no configurado"]}}
